f:\c_lianxi\c提高\04_字符串的基本操作\04_字符串的基本操作\debug\vc140.pdb
f:\c_lianxi\c提高\04_字符串的基本操作\04_字符串的基本操作\debug\vc140.idb
f:\c_lianxi\c提高\04_字符串的基本操作\04_字符串的基本操作\debug\demo_05_问题1.obj
f:\c_lianxi\c提高\04_字符串的基本操作\04_字符串的基本操作\debug\demo_01字符串的基本操作.obj
f:\c_lianxi\c提高\04_字符串的基本操作\04_字符串的基本操作\debug\demo_02一级指针内存模型建立.obj
f:\c_lianxi\c提高\04_字符串的基本操作\04_字符串的基本操作\debug\demo_03字符串做函数参数.obj
f:\c_lianxi\c提高\04_字符串的基本操作\04_字符串的基本操作\debug\demo_04项目开发字符串模型strstr_while.obj
f:\c_lianxi\c提高\04_字符串的基本操作\04_字符串的基本操作\debug\demo_07考试题1.obj
f:\c_lianxi\c提高\04_字符串的基本操作\04_字符串的基本操作\debug\demo_08考试题2.obj
f:\c_lianxi\c提高\04_字符串的基本操作\04_字符串的基本操作\debug\demo_09考试题3.obj
f:\c_lianxi\c提高\04_字符串的基本操作\04_字符串的基本操作\debug\demo_10两头堵模型.obj
f:\c_lianxi\c提高\04_字符串的基本操作\04_字符串的基本操作\debug\demo_11字符串反转.obj
f:\c_lianxi\c提高\04_字符串的基本操作\04_字符串的基本操作\debug\demo_06问题1c++版.obj
f:\c_lianxi\c提高\04_字符串的基本操作\debug\04_字符串的基本操作.pdb
f:\c_lianxi\c提高\04_字符串的基本操作\04_字符串的基本操作\debug\04_字符串的基本操作.tlog\cl.command.1.tlog
f:\c_lianxi\c提高\04_字符串的基本操作\04_字符串的基本操作\debug\04_字符串的基本操作.tlog\cl.read.1.tlog
f:\c_lianxi\c提高\04_字符串的基本操作\04_字符串的基本操作\debug\04_字符串的基本操作.tlog\cl.write.1.tlog
f:\c_lianxi\c提高\04_字符串的基本操作\04_字符串的基本操作\debug\04_字符串的基本操作.tlog\link-cvtres.read.1.tlog
f:\c_lianxi\c提高\04_字符串的基本操作\04_字符串的基本操作\debug\04_字符串的基本操作.tlog\link-cvtres.write.1.tlog
f:\c_lianxi\c提高\04_字符串的基本操作\04_字符串的基本操作\debug\04_字符串的基本操作.tlog\link-rc.read.1.tlog
f:\c_lianxi\c提高\04_字符串的基本操作\04_字符串的基本操作\debug\04_字符串的基本操作.tlog\link-rc.write.1.tlog
f:\c_lianxi\c提高\04_字符串的基本操作\04_字符串的基本操作\debug\04_字符串的基本操作.tlog\link.command.1.tlog
f:\c_lianxi\c提高\04_字符串的基本操作\04_字符串的基本操作\debug\04_字符串的基本操作.tlog\link.read.1.tlog
f:\c_lianxi\c提高\04_字符串的基本操作\04_字符串的基本操作\debug\04_字符串的基本操作.tlog\link.write.1.tlog
