f:\c_lianxi\c提高\06_多级指针\06_多级指针\debug\vc140.pdb
f:\c_lianxi\c提高\06_多级指针\06_多级指针\debug\vc140.idb
f:\c_lianxi\c提高\06_多级指针\06_多级指针\debug\demo_01指针的输入和输出特性.obj
f:\c_lianxi\c提高\06_多级指针\06_多级指针\debug\demo_02二级指针做输入_第一种内存模型.obj
f:\c_lianxi\c提高\06_多级指针\06_多级指针\debug\demo_03二级指针做输入_第2种内存模型.obj
f:\c_lianxi\c提高\06_多级指针\06_多级指针\debug\demo_04二级指针做输入_第3种内存模型.obj
f:\c_lianxi\c提高\06_多级指针\06_多级指针\debug\demo_05二级指针内存模型.obj
f:\c_lianxi\c提高\06_多级指针\06_多级指针\debug\demo_06多级指针.obj
f:\c_lianxi\c提高\06_多级指针\06_多级指针\debug\demo_07考试题1.obj
f:\c_lianxi\c提高\06_多级指针\06_多级指针\debug\demo_08指针作业强化训练.obj
f:\c_lianxi\c提高\06_多级指针\06_多级指针\debug\demo_09指针作业强化训练2.obj
f:\c_lianxi\c提高\06_多级指针\debug\06_多级指针_很重要.ilk
f:\c_lianxi\c提高\06_多级指针\debug\06_多级指针_很重要.exe
f:\c_lianxi\c提高\06_多级指针\debug\06_多级指针_很重要.pdb
f:\c_lianxi\c提高\06_多级指针\06_多级指针\debug\06_多级指针_很重要.tlog\cl.command.1.tlog
f:\c_lianxi\c提高\06_多级指针\06_多级指针\debug\06_多级指针_很重要.tlog\cl.read.1.tlog
f:\c_lianxi\c提高\06_多级指针\06_多级指针\debug\06_多级指针_很重要.tlog\cl.write.1.tlog
f:\c_lianxi\c提高\06_多级指针\06_多级指针\debug\06_多级指针_很重要.tlog\link.command.1.tlog
f:\c_lianxi\c提高\06_多级指针\06_多级指针\debug\06_多级指针_很重要.tlog\link.read.1.tlog
f:\c_lianxi\c提高\06_多级指针\06_多级指针\debug\06_多级指针_很重要.tlog\link.write.1.tlog
